<?xml version="1.0" encoding="UTF-8"?>
<!-- Generated by org.testng.reporters.JUnitReportReporter -->
<testsuite hostname="DESKTOP-G8S81C8" failures="0" tests="1" name="com.core.testTestng.PersonalLoan" time="0.002" errors="0" timestamp="2021-10-12T15:37:59 IST" skipped="0">
  <testcase classname="com.core.testTestng.PersonalLoan" name="rateOfInterest" time="0.002"/>
  <system-out/>
</testsuite> <!-- com.core.testTestng.PersonalLoan -->
