<?xml version="1.0" encoding="UTF-8"?>
<!-- Generated by org.testng.reporters.JUnitReportReporter -->
<testsuite hostname="DESKTOP-G8S81C8" failures="0" tests="1" name="com.core.testTestng.SimpleTest2" time="0.001" errors="0" timestamp="2021-10-12T18:12:28 IST" skipped="0">
  <testcase classname="com.core.testTestng.SimpleTest2" name="test" time="0.001"/>
  <system-out/>
</testsuite> <!-- com.core.testTestng.SimpleTest2 -->
