<?xml version="1.0" encoding="UTF-8"?>
<!-- Generated by org.testng.reporters.JUnitReportReporter -->
<testsuite hostname="DESKTOP-G8S81C8" failures="0" tests="2" name="com.core.testTestng.CarLoan" time="0.011" errors="0" timestamp="2021-10-12T15:37:59 IST" skipped="0">
  <testcase classname="com.core.testTestng.CarLoan" name="carLoanInterest" time="0.003"/>
  <system-out/>
  <testcase classname="com.core.testTestng.CarLoan" name="cL" time="0.008"/>
  <system-out/>
</testsuite> <!-- com.core.testTestng.CarLoan -->
