<?xml version="1.0" encoding="UTF-8"?>
<!-- Generated by org.testng.reporters.JUnitReportReporter -->
<testsuite hostname="DESKTOP-G8S81C8" failures="0" tests="4" name="com.core.testTestng.AttributesTesting" time="0.013" errors="0" timestamp="2021-10-12T22:43:22 IST" skipped="0">
  <testcase classname="com.core.testTestng.AttributesTesting" name="testcase2" time="0.003"/>
  <system-out/>
  <testcase classname="com.core.testTestng.AttributesTesting" name="testcase" time="0.008"/>
  <system-out/>
  <testcase classname="com.core.testTestng.AttributesTesting" name="testcase3" time="0.001"/>
  <system-out/>
  <testcase classname="com.core.testTestng.AttributesTesting" name="testcase1" time="0.001"/>
  <system-out/>
</testsuite> <!-- com.core.testTestng.AttributesTesting -->
