<?xml version="1.0" encoding="UTF-8"?>
<!-- Generated by org.testng.reporters.JUnitReportReporter -->
<testsuite hostname="DESKTOP-G8S81C8" failures="0" tests="1" name="com.core.testTestng.includeTest" time="0.007" errors="0" timestamp="2021-10-12T16:18:32 IST" skipped="0">
  <testcase classname="com.core.testTestng.includeTest" name="test3" time="0.007"/>
  <system-out/>
</testsuite> <!-- com.core.testTestng.includeTest -->
