<?xml version="1.0" encoding="UTF-8"?>
<!-- Generated by org.testng.reporters.JUnitReportReporter -->
<testsuite hostname="DESKTOP-G8S81C8" failures="0" tests="3" name="com.core.testTestng.regularExpression" time="0.017" errors="0" timestamp="2021-10-12T16:42:40 IST" skipped="0">
  <testcase classname="com.core.testTestng.regularExpression" name="student1" time="0.013"/>
  <system-out/>
  <testcase classname="com.core.testTestng.regularExpression" name="student3" time="0.002"/>
  <system-out/>
  <testcase classname="com.core.testTestng.regularExpression" name="student2" time="0.002"/>
  <system-out/>
</testsuite> <!-- com.core.testTestng.regularExpression -->
