<?xml version="1.0" encoding="UTF-8"?>
<!-- Generated by org.testng.reporters.JUnitReportReporter -->
<testsuite hostname="DESKTOP-G8S81C8" failures="0" tests="2" name="com.core.testTestng.EnableDisableParameter" time="0.008" errors="0" timestamp="2021-10-12T13:28:16 IST" skipped="1">
  <testcase classname="com.core.testTestng.EnableDisableParameter" name="runThis" time="0.008"/>
  <system-out/>
  <testcase classname="com.core.testTestng.EnableDisableParameter" name="enableFalse">
    <skipped/>
  </testcase> <!-- enableFalse -->
  <system-out/>
</testsuite> <!-- com.core.testTestng.EnableDisableParameter -->
