<?xml version="1.0" encoding="UTF-8"?>
<!-- Generated by org.testng.reporters.JUnitReportReporter -->
<testsuite hostname="DESKTOP-G8S81C8" failures="0" tests="1" name="com.core.testTestng.AfterTestAnn" time="0.000" errors="0" timestamp="2021-10-12T19:16:27 IST" skipped="0">
  <testcase classname="com.core.testTestng.AfterTestAnn" name="logoutApp" time="0.000"/>
  <system-out/>
</testsuite> <!-- com.core.testTestng.AfterTestAnn -->
