<?xml version="1.0" encoding="UTF-8"?>
<!-- Generated by org.testng.reporters.JUnitReportReporter -->
<testsuite hostname="DESKTOP-G8S81C8" failures="0" tests="1" name="com.core.testTestng.GroupingTest2" time="0.001" errors="0" timestamp="2021-10-12T17:24:35 IST" skipped="0">
  <testcase classname="com.core.testTestng.GroupingTest2" name="teacher" time="0.001"/>
  <system-out/>
</testsuite> <!-- com.core.testTestng.GroupingTest2 -->
