<?xml version="1.0" encoding="UTF-8"?>
<!-- Generated by org.testng.reporters.JUnitReportReporter -->
<testsuite hostname="DESKTOP-G8S81C8" failures="0" tests="2" name="com.core.testTestng.simpleTest" time="0.010" errors="0" timestamp="2021-10-12T18:12:28 IST" skipped="0">
  <testcase classname="com.core.testTestng.simpleTest" name="helloWorld" time="0.008"/>
  <system-out/>
  <testcase classname="com.core.testTestng.simpleTest" name="helloworld2" time="0.002"/>
  <system-out/>
</testsuite> <!-- com.core.testTestng.simpleTest -->
