<?xml version="1.0" encoding="UTF-8"?>
<!-- Generated by org.testng.reporters.JUnitReportReporter -->
<testsuite hostname="DESKTOP-G8S81C8" failures="0" tests="3" name="com.core.testTestng.BeforeTestAnn" time="0.008" errors="0" timestamp="2021-10-12T19:16:27 IST" skipped="0">
  <testcase classname="com.core.testTestng.BeforeTestAnn" name="clickLogin" time="0.002"/>
  <system-out/>
  <testcase classname="com.core.testTestng.BeforeTestAnn" name="EnterCred" time="0.005"/>
  <system-out/>
  <testcase classname="com.core.testTestng.BeforeTestAnn" name="VerifyLoginScreen" time="0.001"/>
  <system-out/>
</testsuite> <!-- com.core.testTestng.BeforeTestAnn -->
